[04-Nov-2020 21:47:26 UTC] PHP Parse error:  syntax error, unexpected 'wp_enqueue_script' (T_STRING) in D:\Program files\XAMPP\htdocs\wordpress\wp-content\themes\nasrin\functions.php on line 14
[04-Nov-2020 22:07:32 UTC] PHP Notice:  Undefined variable: class in D:\Program files\XAMPP\htdocs\wordpress\wp-content\themes\nasrin\index.php on line 28
[04-Nov-2020 22:31:52 UTC] PHP Notice:  Undefined variable: class in D:\Program files\XAMPP\htdocs\wordpress\wp-content\themes\nasrin\index.php on line 28
[04-Nov-2020 22:31:58 UTC] PHP Notice:  Undefined variable: class in D:\Program files\XAMPP\htdocs\wordpress\wp-content\themes\nasrin\index.php on line 28
[04-Nov-2020 22:32:00 UTC] PHP Notice:  Undefined variable: class in D:\Program files\XAMPP\htdocs\wordpress\wp-content\themes\nasrin\index.php on line 28
[04-Nov-2020 22:32:04 UTC] PHP Notice:  Undefined variable: class in D:\Program files\XAMPP\htdocs\wordpress\wp-content\themes\nasrin\index.php on line 28
[04-Nov-2020 22:32:19 UTC] PHP Notice:  Undefined variable: class in D:\Program files\XAMPP\htdocs\wordpress\wp-content\themes\nasrin\index.php on line 28
[04-Nov-2020 22:36:05 UTC] PHP Notice:  Undefined variable: class in D:\Program files\XAMPP\htdocs\wordpress\wp-content\themes\nasrin\index.php on line 28
[04-Nov-2020 23:03:24 UTC] PHP Notice:  Undefined variable: class in D:\Program files\XAMPP\htdocs\wordpress\wp-content\themes\nasrin\index.php on line 28
[05-Nov-2020 17:57:09 UTC] PHP Warning:  require(D:\Program files\XAMPP\htdocs\wordpress/wp-content/themes/nasrin/ink/walker.php): failed to open stream: No such file or directory in D:\Program files\XAMPP\htdocs\wordpress\wp-content\themes\nasrin\functions.php on line 90
[05-Nov-2020 17:57:09 UTC] PHP Fatal error:  require(): Failed opening required 'D:\Program files\XAMPP\htdocs\wordpress/wp-content/themes/nasrin/ink/walker.php' (include_path='D:\Program files\XAMPP\php\PEAR') in D:\Program files\XAMPP\htdocs\wordpress\wp-content\themes\nasrin\functions.php on line 90
[05-Nov-2020 17:58:09 UTC] PHP Warning:  require(D:\Program files\XAMPP\htdocs\wordpress/wp-content/themes/nasrin/ink/walker.php): failed to open stream: No such file or directory in D:\Program files\XAMPP\htdocs\wordpress\wp-content\themes\nasrin\functions.php on line 90
[05-Nov-2020 17:58:09 UTC] PHP Fatal error:  require(): Failed opening required 'D:\Program files\XAMPP\htdocs\wordpress/wp-content/themes/nasrin/ink/walker.php' (include_path='D:\Program files\XAMPP\php\PEAR') in D:\Program files\XAMPP\htdocs\wordpress\wp-content\themes\nasrin\functions.php on line 90
[05-Nov-2020 17:58:10 UTC] PHP Warning:  require(D:\Program files\XAMPP\htdocs\wordpress/wp-content/themes/nasrin/ink/walker.php): failed to open stream: No such file or directory in D:\Program files\XAMPP\htdocs\wordpress\wp-content\themes\nasrin\functions.php on line 90
[05-Nov-2020 17:58:10 UTC] PHP Fatal error:  require(): Failed opening required 'D:\Program files\XAMPP\htdocs\wordpress/wp-content/themes/nasrin/ink/walker.php' (include_path='D:\Program files\XAMPP\php\PEAR') in D:\Program files\XAMPP\htdocs\wordpress\wp-content\themes\nasrin\functions.php on line 90
[05-Nov-2020 17:58:27 UTC] PHP Warning:  require(D:\Program files\XAMPP\htdocs\wordpress/wp-content/themes/nasrin/ink/walker.php): failed to open stream: No such file or directory in D:\Program files\XAMPP\htdocs\wordpress\wp-content\themes\nasrin\functions.php on line 90
[05-Nov-2020 17:58:27 UTC] PHP Fatal error:  require(): Failed opening required 'D:\Program files\XAMPP\htdocs\wordpress/wp-content/themes/nasrin/ink/walker.php' (include_path='D:\Program files\XAMPP\php\PEAR') in D:\Program files\XAMPP\htdocs\wordpress\wp-content\themes\nasrin\functions.php on line 90
[05-Nov-2020 17:58:30 UTC] PHP Warning:  require(D:\Program files\XAMPP\htdocs\wordpress/wp-content/themes/nasrin/ink/walker.php): failed to open stream: No such file or directory in D:\Program files\XAMPP\htdocs\wordpress\wp-content\themes\nasrin\functions.php on line 90
[05-Nov-2020 17:58:30 UTC] PHP Fatal error:  require(): Failed opening required 'D:\Program files\XAMPP\htdocs\wordpress/wp-content/themes/nasrin/ink/walker.php' (include_path='D:\Program files\XAMPP\php\PEAR') in D:\Program files\XAMPP\htdocs\wordpress\wp-content\themes\nasrin\functions.php on line 90
[05-Nov-2020 17:59:52 UTC] PHP Notice:  Undefined variable: class in D:\Program files\XAMPP\htdocs\wordpress\wp-content\themes\nasrin\index.php on line 28
[05-Nov-2020 19:21:49 UTC] PHP Parse error:  syntax error, unexpected ''sub-menu'' (T_CONSTANT_ENCAPSED_STRING) in D:\Program files\XAMPP\htdocs\wordpress\wp-content\themes\nasrin\inc\walker.php on line 27
[05-Nov-2020 20:49:12 UTC] PHP Warning:  Declaration of Walker_Nav_Primary::start_lvl(&$output, $depth) should be compatible with Walker_Nav_Menu::start_lvl(&$output, $depth = 0, $args = NULL) in D:\Program files\XAMPP\htdocs\wordpress\wp-content\themes\nasrin\inc\walker.php on line 42
[11-Nov-2020 18:19:46 UTC] PHP Parse error:  syntax error, unexpected ':' in D:\Program files\XAMPP\htdocs\wordpress\wp-content\themes\nasrin\inc\walker.php on line 50
